<?xml version="1.0" encoding="UTF-8"?>
<!-- Generated by org.testng.reporters.JUnitReportReporter -->
<testsuite skipped="0" hostname="LAPTOP-1BCJRB17" name="com.PracticeDemo.CaseStudy9.ImageUpload" tests="2" failures="0" timestamp="05 Oct 2019 06:25:58 GMT" time="82.650" errors="0">
  <testcase name="test_setup" time="20.131" classname="com.PracticeDemo.CaseStudy9.ImageUpload"/>
  <testcase name="test" time="62.519" classname="com.PracticeDemo.CaseStudy9.ImageUpload"/>
</testsuite> <!-- com.PracticeDemo.CaseStudy9.ImageUpload -->
